[    17.770] (--) Log file renamed from "/home/arghya/.local/share/xorg/Xorg.pid-1691.log" to "/home/arghya/.local/share/xorg/Xorg.0.log"
[    17.770] 
X.Org X Server 1.20.8
X Protocol Version 11, Revision 0
[    17.770] Build Operating System: Linux 4.15.0-115-generic x86_64 Ubuntu
[    17.770] Current Operating System: Linux arghya-H110M-S2 5.4.0-48-generic #52-Ubuntu SMP Thu Sep 10 10:58:49 UTC 2020 x86_64
[    17.770] Kernel command line: BOOT_IMAGE=/boot/vmlinuz-5.4.0-48-generic root=UUID=239e5bf5-43f8-42f3-afad-d27c2bb07ee6 ro quiet splash vt.handoff=7
[    17.770] Build Date: 04 September 2020  01:34:27PM
[    17.770] xorg-server 2:1.20.8-2ubuntu2.4 (For technical support please see http://www.ubuntu.com/support) 
[    17.770] Current version of pixman: 0.38.4
[    17.770] 	Before reporting problems, check http://wiki.x.org
	to make sure that you have the latest version.
[    17.771] Markers: (--) probed, (**) from config file, (==) default setting,
	(++) from command line, (!!) notice, (II) informational,
	(WW) warning, (EE) error, (NI) not implemented, (??) unknown.
[    17.771] (==) Log file: "/home/arghya/.local/share/xorg/Xorg.0.log", Time: Sun Oct  4 18:21:47 2020
[    17.771] (==) Using system config directory "/usr/share/X11/xorg.conf.d"
[    17.772] (==) No Layout section.  Using the first Screen section.
[    17.772] (==) No screen section available. Using defaults.
[    17.772] (**) |-->Screen "Default Screen Section" (0)
[    17.772] (**) |   |-->Monitor "<default monitor>"
[    17.773] (==) No monitor specified for screen "Default Screen Section".
	Using a default monitor configuration.
[    17.773] (==) Automatically adding devices
[    17.773] (==) Automatically enabling devices
[    17.773] (==) Automatically adding GPU devices
[    17.773] (==) Automatically binding GPU devices
[    17.773] (==) Max clients allowed: 256, resource mask: 0x1fffff
[    17.773] (WW) The directory "/usr/share/fonts/X11/cyrillic" does not exist.
[    17.773] 	Entry deleted from font path.
[    17.773] (WW) The directory "/usr/share/fonts/X11/100dpi/" does not exist.
[    17.773] 	Entry deleted from font path.
[    17.773] (WW) The directory "/usr/share/fonts/X11/75dpi/" does not exist.
[    17.773] 	Entry deleted from font path.
[    17.773] (WW) The directory "/usr/share/fonts/X11/100dpi" does not exist.
[    17.773] 	Entry deleted from font path.
[    17.773] (WW) The directory "/usr/share/fonts/X11/75dpi" does not exist.
[    17.773] 	Entry deleted from font path.
[    17.773] (==) FontPath set to:
	/usr/share/fonts/X11/misc,
	/usr/share/fonts/X11/Type1,
	built-ins
[    17.773] (==) ModulePath set to "/usr/lib/xorg/modules"
[    17.773] (II) The server relies on udev to provide the list of input devices.
	If no devices become available, reconfigure udev or disable AutoAddDevices.
[    17.773] (II) Loader magic: 0x55a3855ca020
[    17.773] (II) Module ABI versions:
[    17.773] 	X.Org ANSI C Emulation: 0.4
[    17.773] 	X.Org Video Driver: 24.1
[    17.773] 	X.Org XInput driver : 24.1
[    17.773] 	X.Org Server Extension : 10.0
[    17.774] (++) using VT number 2

[    17.775] (II) systemd-logind: took control of session /org/freedesktop/login1/session/_32
[    17.776] (II) xfree86: Adding drm device (/dev/dri/card0)
[    17.776] (II) systemd-logind: got fd for /dev/dri/card0 226:0 fd 12 paused 0
[    17.778] (--) PCI:*(1@0:0:0) 10de:1c03:19da:1438 rev 161, Mem @ 0xee000000/16777216, 0xd0000000/268435456, 0xe0000000/33554432, I/O @ 0x0000e000/128, BIOS @ 0x????????/131072
[    17.778] (II) LoadModule: "glx"
[    17.779] (II) Loading /usr/lib/xorg/modules/extensions/libglx.so
[    17.781] (II) Module glx: vendor="X.Org Foundation"
[    17.781] 	compiled for 1.20.8, module version = 1.0.0
[    17.781] 	ABI class: X.Org Server Extension, version 10.0
[    17.899] (==) Matched modesetting as autoconfigured driver 0
[    17.899] (==) Matched fbdev as autoconfigured driver 1
[    17.899] (==) Matched vesa as autoconfigured driver 2
[    17.899] (==) Assigned the driver to the xf86ConfigLayout
[    17.899] (II) LoadModule: "modesetting"
[    17.899] (II) Loading /usr/lib/xorg/modules/drivers/modesetting_drv.so
[    17.900] (II) Module modesetting: vendor="X.Org Foundation"
[    17.900] 	compiled for 1.20.8, module version = 1.20.8
[    17.900] 	Module class: X.Org Video Driver
[    17.900] 	ABI class: X.Org Video Driver, version 24.1
[    17.900] (II) LoadModule: "fbdev"
[    17.900] (II) Loading /usr/lib/xorg/modules/drivers/fbdev_drv.so
[    17.901] (II) Module fbdev: vendor="X.Org Foundation"
[    17.901] 	compiled for 1.20.1, module version = 0.5.0
[    17.901] 	Module class: X.Org Video Driver
[    17.901] 	ABI class: X.Org Video Driver, version 24.0
[    17.901] (II) LoadModule: "vesa"
[    17.901] (II) Loading /usr/lib/xorg/modules/drivers/vesa_drv.so
[    17.901] (II) Module vesa: vendor="X.Org Foundation"
[    17.901] 	compiled for 1.20.4, module version = 2.4.0
[    17.901] 	Module class: X.Org Video Driver
[    17.901] 	ABI class: X.Org Video Driver, version 24.0
[    17.901] (II) modesetting: Driver for Modesetting Kernel Drivers: kms
[    17.901] (II) FBDEV: driver for framebuffer: fbdev
[    17.901] (II) VESA: driver for VESA chipsets: vesa
[    17.901] xf86EnableIOPorts: failed to set IOPL for I/O (Operation not permitted)
[    17.901] (II) modeset(0): using drv /dev/dri/card0
[    17.901] (WW) Falling back to old probe method for fbdev
[    17.901] (II) Loading sub module "fbdevhw"
[    17.901] (II) LoadModule: "fbdevhw"
[    17.901] (II) Loading /usr/lib/xorg/modules/libfbdevhw.so
[    17.902] (II) Module fbdevhw: vendor="X.Org Foundation"
[    17.902] 	compiled for 1.20.8, module version = 0.0.2
[    17.902] 	ABI class: X.Org Video Driver, version 24.1
[    17.902] (EE) open /dev/fb0: Permission denied
[    17.902] (WW) VGA arbiter: cannot open kernel arbiter, no multi-card support
[    17.902] (II) modeset(0): Creating default Display subsection in Screen section
	"Default Screen Section" for depth/fbbpp 24/32
[    17.902] (==) modeset(0): Depth 24, (==) framebuffer bpp 32
[    17.902] (==) modeset(0): RGB weight 888
[    17.902] (==) modeset(0): Default visual is TrueColor
[    17.902] (II) Loading sub module "glamoregl"
[    17.902] (II) LoadModule: "glamoregl"
[    17.902] (II) Loading /usr/lib/xorg/modules/libglamoregl.so
[    17.905] (II) Module glamoregl: vendor="X.Org Foundation"
[    17.906] 	compiled for 1.20.8, module version = 1.0.1
[    17.906] 	ABI class: X.Org ANSI C Emulation, version 0.4
[    17.945] (II) modeset(0): glamor X acceleration enabled on NV136
[    17.945] (II) modeset(0): glamor initialized
[    17.947] (II) modeset(0): Output DVI-D-1 has no monitor section
[    18.008] (II) modeset(0): Output DP-1 has no monitor section
[    18.071] (II) modeset(0): Output DP-2 has no monitor section
[    18.107] (II) modeset(0): Output HDMI-1 has no monitor section
[    18.167] (II) modeset(0): Output DP-3 has no monitor section
[    18.169] (II) modeset(0): EDID for output DVI-D-1
[    18.231] (II) modeset(0): EDID for output DP-1
[    18.295] (II) modeset(0): EDID for output DP-2
[    18.331] (II) modeset(0): EDID for output HDMI-1
[    18.331] (II) modeset(0): Manufacturer: DEL  Model: f06c  Serial#: 1129466441
[    18.331] (II) modeset(0): Year: 2016  Week: 41
[    18.331] (II) modeset(0): EDID Version: 1.3
[    18.331] (II) modeset(0): Digital Display Input
[    18.331] (II) modeset(0): Max Image Size [cm]: horiz.: 41  vert.: 23
[    18.331] (II) modeset(0): Gamma: 2.20
[    18.331] (II) modeset(0): DPMS capabilities: Off
[    18.331] (II) modeset(0): Supported color encodings: RGB 4:4:4 YCrCb 4:4:4 
[    18.331] (II) modeset(0): First detailed timing is preferred mode
[    18.331] (II) modeset(0): redX: 0.642 redY: 0.332   greenX: 0.316 greenY: 0.626
[    18.331] (II) modeset(0): blueX: 0.151 blueY: 0.049   whiteX: 0.313 whiteY: 0.329
[    18.331] (II) modeset(0): Supported established timings:
[    18.331] (II) modeset(0): 720x400@70Hz
[    18.331] (II) modeset(0): 640x480@60Hz
[    18.331] (II) modeset(0): 640x480@75Hz
[    18.331] (II) modeset(0): 800x600@60Hz
[    18.331] (II) modeset(0): 800x600@75Hz
[    18.331] (II) modeset(0): 1024x768@60Hz
[    18.331] (II) modeset(0): 1024x768@75Hz
[    18.331] (II) modeset(0): 1280x1024@75Hz
[    18.331] (II) modeset(0): Manufacturer's mask: 0
[    18.331] (II) modeset(0): Supported standard timings:
[    18.331] (II) modeset(0): #7: hsize: 1280  vsize 720  refresh: 60  vid: 49281
[    18.331] (II) modeset(0): Supported detailed timing:
[    18.331] (II) modeset(0): clock: 85.5 MHz   Image Size:  409 x 230 mm
[    18.331] (II) modeset(0): h_active: 1366  h_sync: 1436  h_sync_end 1579 h_blank_end 1792 h_border: 0
[    18.331] (II) modeset(0): v_active: 768  v_sync: 771  v_sync_end 774 v_blanking: 798 v_border: 0
[    18.331] (II) modeset(0): Serial No: 9YKV76A7CRJI
[    18.331] (II) modeset(0): Monitor name: DELL E1916HV
[    18.331] (II) modeset(0): Ranges: V min: 56 V max: 75 Hz, H min: 30 H max: 83 kHz, PixClock max 175 MHz
[    18.331] (II) modeset(0): EDID (in hex):
[    18.331] (II) modeset(0): 	00ffffffffffff0010ac6cf0494a5243
[    18.331] (II) modeset(0): 	291a0103802917782a41e5a45551a026
[    18.331] (II) modeset(0): 	0c5054a54b0001010101010101010101
[    18.331] (II) modeset(0): 	0101010181c0662156aa51001e30468f
[    18.331] (II) modeset(0): 	330099e61000001e000000ff0039594b
[    18.331] (II) modeset(0): 	563736413743524a490a000000fc0044
[    18.331] (II) modeset(0): 	454c4c20453139313648560a000000fd
[    18.331] (II) modeset(0): 	00384b1e5311000a202020202020000d
[    18.331] (II) modeset(0): Printing probed modes for output HDMI-1
[    18.331] (II) modeset(0): Modeline "1366x768"x59.8   85.50  1366 1436 1579 1792  768 771 774 798 +hsync +vsync (47.7 kHz eP)
[    18.331] (II) modeset(0): Modeline "1280x1024"x75.0  135.00  1280 1296 1440 1688  1024 1025 1028 1066 +hsync +vsync (80.0 kHz e)
[    18.331] (II) modeset(0): Modeline "1280x1024"x60.0  108.00  1280 1328 1440 1688  1024 1025 1028 1066 +hsync +vsync (64.0 kHz d)
[    18.331] (II) modeset(0): Modeline "1280x960"x60.0  108.00  1280 1376 1488 1800  960 961 964 1000 +hsync +vsync (60.0 kHz d)
[    18.331] (II) modeset(0): Modeline "1360x768"x59.8   84.75  1360 1432 1568 1776  768 771 781 798 -hsync +vsync (47.7 kHz d)
[    18.331] (II) modeset(0): Modeline "1360x768"x60.0   72.00  1360 1408 1440 1520  768 771 781 790 +hsync -vsync (47.4 kHz d)
[    18.331] (II) modeset(0): Modeline "1280x800"x60.0  174.25  1280 1380 1516 1752  800 801 804 829 doublescan -hsync +vsync (99.5 kHz d)
[    18.331] (II) modeset(0): Modeline "1280x800"x60.0  134.25  1280 1304 1320 1360  800 801 804 823 doublescan +hsync -vsync (98.7 kHz d)
[    18.331] (II) modeset(0): Modeline "1280x800"x59.8   83.50  1280 1352 1480 1680  800 803 809 831 -hsync +vsync (49.7 kHz d)
[    18.331] (II) modeset(0): Modeline "1280x800"x59.9   71.00  1280 1328 1360 1440  800 803 809 823 +hsync -vsync (49.3 kHz d)
[    18.331] (II) modeset(0): Modeline "1152x864"x75.0  108.00  1152 1216 1344 1600  864 865 868 900 +hsync +vsync (67.5 kHz d)
[    18.331] (II) modeset(0): Modeline "1152x864"x75.0  104.99  1152 1224 1352 1552  864 865 868 902 -hsync +vsync (67.6 kHz d)
[    18.331] (II) modeset(0): Modeline "1152x864"x70.0   96.77  1152 1224 1344 1536  864 865 868 900 -hsync +vsync (63.0 kHz d)
[    18.331] (II) modeset(0): Modeline "1152x864"x60.0   81.62  1152 1216 1336 1520  864 865 868 895 -hsync +vsync (53.7 kHz d)
[    18.331] (II) modeset(0): Modeline "1280x720"x60.0  156.12  1280 1376 1512 1744  720 721 724 746 doublescan -hsync +vsync (89.5 kHz d)
[    18.331] (II) modeset(0): Modeline "1280x720"x60.0  120.75  1280 1304 1320 1360  720 721 724 740 doublescan +hsync -vsync (88.8 kHz d)
[    18.331] (II) modeset(0): Modeline "1280x720"x59.9   74.50  1280 1344 1472 1664  720 723 728 748 -hsync +vsync (44.8 kHz d)
[    18.331] (II) modeset(0): Modeline "1280x720"x60.0   74.25  1280 1390 1430 1650  720 725 730 750 +hsync +vsync (45.0 kHz e)
[    18.331] (II) modeset(0): Modeline "1280x720"x59.7   63.75  1280 1328 1360 1440  720 723 728 741 +hsync -vsync (44.3 kHz d)
[    18.331] (II) modeset(0): Modeline "1024x768"x75.0  170.24  1024 1108 1220 1416  768 768 770 801 doublescan -hsync +vsync (120.2 kHz d)
[    18.331] (II) modeset(0): Modeline "1024x768"x60.0  133.47  1024 1100 1212 1400  768 768 770 794 doublescan -hsync +vsync (95.3 kHz d)
[    18.331] (II) modeset(0): Modeline "1024x768"x75.0   78.75  1024 1040 1136 1312  768 769 772 800 +hsync +vsync (60.0 kHz e)
[    18.331] (II) modeset(0): Modeline "1024x768"x70.1   75.00  1024 1048 1184 1328  768 771 777 806 -hsync -vsync (56.5 kHz d)
[    18.331] (II) modeset(0): Modeline "1024x768"x60.0   65.00  1024 1048 1184 1344  768 771 777 806 -hsync -vsync (48.4 kHz e)
[    18.331] (II) modeset(0): Modeline "960x720"x75.0  148.50  960 1032 1144 1320  720 720 722 750 doublescan -hsync +vsync (112.5 kHz d)
[    18.331] (II) modeset(0): Modeline "960x720"x60.0  117.00  960 1024 1128 1300  720 720 722 750 doublescan -hsync +vsync (90.0 kHz d)
[    18.331] (II) modeset(0): Modeline "928x696"x75.0  144.00  928 992 1104 1280  696 696 698 750 doublescan -hsync +vsync (112.5 kHz d)
[    18.331] (II) modeset(0): Modeline "928x696"x60.1  109.15  928 976 1088 1264  696 696 698 719 doublescan -hsync +vsync (86.4 kHz d)
[    18.331] (II) modeset(0): Modeline "896x672"x75.0  130.50  896 944 1052 1228  672 672 674 708 doublescan -hsync +vsync (106.3 kHz d)
[    18.331] (II) modeset(0): Modeline "896x672"x60.0  102.40  896 960 1060 1224  672 672 674 697 doublescan -hsync +vsync (83.7 kHz d)
[    18.331] (II) modeset(0): Modeline "1024x576"x60.0   98.50  1024 1092 1200 1376  576 577 580 597 doublescan -hsync +vsync (71.6 kHz d)
[    18.331] (II) modeset(0): Modeline "1024x576"x60.0   78.38  1024 1048 1064 1104  576 577 580 592 doublescan +hsync -vsync (71.0 kHz d)
[    18.331] (II) modeset(0): Modeline "1024x576"x59.9   46.50  1024 1064 1160 1296  576 579 584 599 -hsync +vsync (35.9 kHz d)
[    18.331] (II) modeset(0): Modeline "1024x576"x59.8   42.00  1024 1072 1104 1184  576 579 584 593 +hsync -vsync (35.5 kHz d)
[    18.331] (II) modeset(0): Modeline "960x600"x59.9   96.62  960 1028 1128 1296  600 601 604 622 doublescan -hsync +vsync (74.6 kHz d)
[    18.331] (II) modeset(0): Modeline "960x600"x60.0   77.00  960 984 1000 1040  600 601 604 617 doublescan +hsync -vsync (74.0 kHz d)
[    18.331] (II) modeset(0): Modeline "832x624"x74.6   57.28  832 864 928 1152  624 625 628 667 -hsync -vsync (49.7 kHz d)
[    18.331] (II) modeset(0): Modeline "960x540"x60.0   86.50  960 1024 1124 1288  540 541 544 560 doublescan -hsync +vsync (67.2 kHz d)
[    18.331] (II) modeset(0): Modeline "960x540"x60.0   69.25  960 984 1000 1040  540 541 544 555 doublescan +hsync -vsync (66.6 kHz d)
[    18.331] (II) modeset(0): Modeline "960x540"x59.6   40.75  960 992 1088 1216  540 543 548 562 -hsync +vsync (33.5 kHz d)
[    18.331] (II) modeset(0): Modeline "960x540"x59.8   37.25  960 1008 1040 1120  540 543 548 556 +hsync -vsync (33.3 kHz d)
[    18.331] (II) modeset(0): Modeline "800x600"x75.0  101.25  800 832 928 1080  600 600 602 625 doublescan +hsync +vsync (93.8 kHz d)
[    18.331] (II) modeset(0): Modeline "800x600"x70.0   94.50  800 832 928 1080  600 600 602 625 doublescan +hsync +vsync (87.5 kHz d)
[    18.331] (II) modeset(0): Modeline "800x600"x65.0   87.75  800 832 928 1080  600 600 602 625 doublescan +hsync +vsync (81.2 kHz d)
[    18.331] (II) modeset(0): Modeline "800x600"x60.0   81.00  800 832 928 1080  600 600 602 625 doublescan +hsync +vsync (75.0 kHz d)
[    18.331] (II) modeset(0): Modeline "800x600"x72.2   50.00  800 856 976 1040  600 637 643 666 +hsync +vsync (48.1 kHz d)
[    18.331] (II) modeset(0): Modeline "800x600"x75.0   49.50  800 816 896 1056  600 601 604 625 +hsync +vsync (46.9 kHz e)
[    18.331] (II) modeset(0): Modeline "800x600"x60.3   40.00  800 840 968 1056  600 601 605 628 +hsync +vsync (37.9 kHz e)
[    18.331] (II) modeset(0): Modeline "800x600"x56.2   36.00  800 824 896 1024  600 601 603 625 +hsync +vsync (35.2 kHz d)
[    18.331] (II) modeset(0): Modeline "840x525"x75.0   93.50  840 900 988 1136  525 526 529 549 doublescan -hsync +vsync (82.3 kHz d)
[    18.331] (II) modeset(0): Modeline "840x525"x69.9   87.00  840 900 988 1136  525 526 529 548 doublescan -hsync +vsync (76.6 kHz d)
[    18.331] (II) modeset(0): Modeline "840x525"x60.0   73.12  840 892 980 1120  525 526 529 544 doublescan -hsync +vsync (65.3 kHz d)
[    18.332] (II) modeset(0): Modeline "840x525"x59.9   59.50  840 864 880 920  525 526 529 540 doublescan +hsync -vsync (64.7 kHz d)
[    18.332] (II) modeset(0): Modeline "864x486"x59.9   32.50  864 888 968 1072  486 489 494 506 -hsync +vsync (30.3 kHz d)
[    18.332] (II) modeset(0): Modeline "864x486"x59.6   30.50  864 912 944 1024  486 489 494 500 +hsync -vsync (29.8 kHz d)
[    18.332] (II) modeset(0): Modeline "800x512"x60.2   51.56  800 800 828 832  512 512 514 515 doublescan +hsync +vsync (62.0 kHz d)
[    18.332] (II) modeset(0): Modeline "700x525"x74.8   77.90  700 732 892 956  525 526 532 545 doublescan +hsync +vsync (81.5 kHz d)
[    18.332] (II) modeset(0): Modeline "700x525"x70.1   72.53  700 748 824 948  525 525 527 546 doublescan -hsync +vsync (76.5 kHz d)
[    18.332] (II) modeset(0): Modeline "700x525"x60.0   61.00  700 744 820 940  525 526 532 541 doublescan +hsync +vsync (64.9 kHz d)
[    18.332] (II) modeset(0): Modeline "800x450"x59.9   59.12  800 848 928 1056  450 451 454 467 doublescan -hsync +vsync (56.0 kHz d)
[    18.332] (II) modeset(0): Modeline "800x450"x59.8   48.75  800 824 840 880  450 451 454 463 doublescan +hsync -vsync (55.4 kHz d)
[    18.332] (II) modeset(0): Modeline "640x512"x75.0   67.50  640 648 720 844  512 512 514 533 doublescan +hsync +vsync (80.0 kHz d)
[    18.332] (II) modeset(0): Modeline "640x512"x60.0   54.00  640 664 720 844  512 512 514 533 doublescan +hsync +vsync (64.0 kHz d)
[    18.332] (II) modeset(0): Modeline "720x450"x59.9   53.25  720 760 836 952  450 451 454 467 doublescan -hsync +vsync (55.9 kHz d)
[    18.332] (II) modeset(0): Modeline "700x450"x60.0   51.75  700 740 812 924  450 451 456 467 doublescan -hsync +vsync (56.0 kHz d)
[    18.332] (II) modeset(0): Modeline "700x450"x59.9   43.25  700 724 740 780  450 451 456 463 doublescan +hsync -vsync (55.4 kHz d)
[    18.332] (II) modeset(0): Modeline "640x480"x60.0   54.00  640 688 744 900  480 480 482 500 doublescan +hsync +vsync (60.0 kHz d)
[    18.332] (II) modeset(0): Modeline "640x480"x75.0   31.50  640 656 720 840  480 481 484 500 -hsync -vsync (37.5 kHz e)
[    18.332] (II) modeset(0): Modeline "640x480"x72.8   31.50  640 664 704 832  480 489 492 520 -hsync -vsync (37.9 kHz d)
[    18.332] (II) modeset(0): Modeline "640x480"x75.0   31.50  640 656 720 840  480 481 484 500 -hsync -vsync (37.5 kHz d)
[    18.332] (II) modeset(0): Modeline "640x480"x59.9   25.18  640 656 752 800  480 490 492 525 -hsync -vsync (31.5 kHz e)
[    18.332] (II) modeset(0): Modeline "720x405"x59.5   22.50  720 744 808 896  405 408 413 422 -hsync +vsync (25.1 kHz d)
[    18.332] (II) modeset(0): Modeline "720x405"x59.0   21.75  720 768 800 880  405 408 413 419 +hsync -vsync (24.7 kHz d)
[    18.332] (II) modeset(0): Modeline "720x400"x70.1   28.32  720 738 846 900  400 412 414 449 -hsync +vsync (31.5 kHz e)
[    18.332] (II) modeset(0): Modeline "684x384"x59.9   42.62  684 720 788 892  384 385 390 399 doublescan -hsync +vsync (47.8 kHz d)
[    18.332] (II) modeset(0): Modeline "684x384"x59.9   36.12  684 708 724 764  384 385 390 395 doublescan +hsync -vsync (47.3 kHz d)
[    18.332] (II) modeset(0): Modeline "680x384"x59.8   42.38  680 716 784 888  384 385 390 399 doublescan -hsync +vsync (47.7 kHz d)
[    18.332] (II) modeset(0): Modeline "680x384"x60.0   36.00  680 704 720 760  384 385 390 395 doublescan +hsync -vsync (47.4 kHz d)
[    18.332] (II) modeset(0): Modeline "640x400"x59.9   41.75  640 676 740 840  400 401 404 415 doublescan -hsync +vsync (49.7 kHz d)
[    18.332] (II) modeset(0): Modeline "640x400"x60.0   35.50  640 664 680 720  400 401 404 411 doublescan +hsync -vsync (49.3 kHz d)
[    18.332] (II) modeset(0): Modeline "576x432"x75.0   54.00  576 608 672 800  432 432 434 450 doublescan +hsync +vsync (67.5 kHz d)
[    18.332] (II) modeset(0): Modeline "576x432"x75.0   52.49  576 612 676 776  432 432 434 451 doublescan -hsync +vsync (67.6 kHz d)
[    18.332] (II) modeset(0): Modeline "576x432"x70.0   48.38  576 612 672 768  432 432 434 450 doublescan -hsync +vsync (63.0 kHz d)
[    18.332] (II) modeset(0): Modeline "576x432"x60.1   40.81  576 608 668 760  432 432 434 447 doublescan -hsync +vsync (53.7 kHz d)
[    18.332] (II) modeset(0): Modeline "640x360"x59.9   37.25  640 672 736 832  360 361 364 374 doublescan -hsync +vsync (44.8 kHz d)
[    18.332] (II) modeset(0): Modeline "640x360"x59.8   31.88  640 664 680 720  360 361 364 370 doublescan +hsync -vsync (44.3 kHz d)
[    18.332] (II) modeset(0): Modeline "640x360"x59.8   18.00  640 664 720 800  360 363 368 376 -hsync +vsync (22.5 kHz d)
[    18.332] (II) modeset(0): Modeline "640x360"x59.3   17.75  640 688 720 800  360 363 368 374 +hsync -vsync (22.2 kHz d)
[    18.332] (II) modeset(0): Modeline "512x384"x75.0   39.38  512 520 568 656  384 384 386 400 doublescan +hsync +vsync (60.0 kHz d)
[    18.332] (II) modeset(0): Modeline "512x384"x70.1   37.50  512 524 592 664  384 385 388 403 doublescan -hsync -vsync (56.5 kHz d)
[    18.332] (II) modeset(0): Modeline "512x384"x60.0   32.50  512 524 592 672  384 385 388 403 doublescan -hsync -vsync (48.4 kHz d)
[    18.332] (II) modeset(0): Modeline "512x288"x60.0   23.25  512 532 580 648  288 289 292 299 doublescan -hsync +vsync (35.9 kHz d)
[    18.332] (II) modeset(0): Modeline "512x288"x59.9   21.00  512 536 552 592  288 289 292 296 doublescan +hsync -vsync (35.5 kHz d)
[    18.332] (II) modeset(0): Modeline "416x312"x74.7   28.64  416 432 464 576  312 312 314 333 doublescan -hsync -vsync (49.7 kHz d)
[    18.332] (II) modeset(0): Modeline "480x270"x59.6   20.38  480 496 544 608  270 271 274 281 doublescan -hsync +vsync (33.5 kHz d)
[    18.332] (II) modeset(0): Modeline "480x270"x59.8   18.62  480 504 520 560  270 271 274 278 doublescan +hsync -vsync (33.3 kHz d)
[    18.332] (II) modeset(0): Modeline "400x300"x72.2   25.00  400 428 488 520  300 318 321 333 doublescan +hsync +vsync (48.1 kHz d)
[    18.332] (II) modeset(0): Modeline "400x300"x75.1   24.75  400 408 448 528  300 300 302 312 doublescan +hsync +vsync (46.9 kHz d)
[    18.332] (II) modeset(0): Modeline "400x300"x60.3   20.00  400 420 484 528  300 300 302 314 doublescan +hsync +vsync (37.9 kHz d)
[    18.332] (II) modeset(0): Modeline "400x300"x56.3   18.00  400 412 448 512  300 300 301 312 doublescan +hsync +vsync (35.2 kHz d)
[    18.332] (II) modeset(0): Modeline "432x243"x59.9   16.25  432 444 484 536  243 244 247 253 doublescan -hsync +vsync (30.3 kHz d)
[    18.332] (II) modeset(0): Modeline "432x243"x59.6   15.25  432 456 472 512  243 244 247 250 doublescan +hsync -vsync (29.8 kHz d)
[    18.332] (II) modeset(0): Modeline "320x240"x72.8   15.75  320 332 352 416  240 244 246 260 doublescan -hsync -vsync (37.9 kHz d)
[    18.332] (II) modeset(0): Modeline "320x240"x75.0   15.75  320 328 360 420  240 240 242 250 doublescan -hsync -vsync (37.5 kHz d)
[    18.332] (II) modeset(0): Modeline "320x240"x60.1   12.59  320 328 376 400  240 245 246 262 doublescan -hsync -vsync (31.5 kHz d)
[    18.332] (II) modeset(0): Modeline "360x202"x59.5   11.25  360 372 404 448  202 204 206 211 doublescan -hsync +vsync (25.1 kHz d)
[    18.332] (II) modeset(0): Modeline "360x202"x59.1   10.88  360 384 400 440  202 204 206 209 doublescan +hsync -vsync (24.7 kHz d)
[    18.332] (II) modeset(0): Modeline "320x180"x59.8    9.00  320 332 360 400  180 181 184 188 doublescan -hsync +vsync (22.5 kHz d)
[    18.332] (II) modeset(0): Modeline "320x180"x59.3    8.88  320 344 360 400  180 181 184 187 doublescan +hsync -vsync (22.2 kHz d)
[    18.395] (II) modeset(0): EDID for output DP-3
[    18.395] (II) modeset(0): Output DVI-D-1 disconnected
[    18.395] (II) modeset(0): Output DP-1 disconnected
[    18.395] (II) modeset(0): Output DP-2 disconnected
[    18.395] (II) modeset(0): Output HDMI-1 connected
[    18.395] (II) modeset(0): Output DP-3 disconnected
[    18.395] (II) modeset(0): Using exact sizes for initial modes
[    18.395] (II) modeset(0): Output HDMI-1 using initial mode 1366x768 +0+0
[    18.396] (==) modeset(0): Using gamma correction (1.0, 1.0, 1.0)
[    18.396] (==) modeset(0): DPI set to (96, 96)
[    18.396] (II) Loading sub module "fb"
[    18.396] (II) LoadModule: "fb"
[    18.396] (II) Loading /usr/lib/xorg/modules/libfb.so
[    18.397] (II) Module fb: vendor="X.Org Foundation"
[    18.397] 	compiled for 1.20.8, module version = 1.0.0
[    18.397] 	ABI class: X.Org ANSI C Emulation, version 0.4
[    18.397] (II) UnloadModule: "fbdev"
[    18.397] (II) Unloading fbdev
[    18.397] (II) UnloadSubModule: "fbdevhw"
[    18.397] (II) Unloading fbdevhw
[    18.397] (II) UnloadModule: "vesa"
[    18.397] (II) Unloading vesa
[    18.416] (==) modeset(0): Backing store enabled
[    18.416] (==) modeset(0): Silken mouse enabled
[    18.421] (II) modeset(0): Initializing kms color map for depth 24, 8 bpc.
[    18.421] (==) modeset(0): DPMS enabled
[    18.421] (II) modeset(0): [DRI2] Setup complete
[    18.422] (II) modeset(0): [DRI2]   DRI driver: nouveau
[    18.422] (II) modeset(0): [DRI2]   VDPAU driver: nouveau
[    18.422] (II) Initializing extension Generic Event Extension
[    18.422] (II) Initializing extension SHAPE
[    18.422] (II) Initializing extension MIT-SHM
[    18.422] (II) Initializing extension XInputExtension
[    18.422] (II) Initializing extension XTEST
[    18.422] (II) Initializing extension BIG-REQUESTS
[    18.423] (II) Initializing extension SYNC
[    18.423] (II) Initializing extension XKEYBOARD
[    18.423] (II) Initializing extension XC-MISC
[    18.423] (II) Initializing extension SECURITY
[    18.423] (II) Initializing extension XFIXES
[    18.423] (II) Initializing extension RENDER
[    18.423] (II) Initializing extension RANDR
[    18.423] (II) Initializing extension COMPOSITE
[    18.423] (II) Initializing extension DAMAGE
[    18.423] (II) Initializing extension MIT-SCREEN-SAVER
[    18.423] (II) Initializing extension DOUBLE-BUFFER
[    18.424] (II) Initializing extension RECORD
[    18.424] (II) Initializing extension DPMS
[    18.424] (II) Initializing extension Present
[    18.424] (II) Initializing extension DRI3
[    18.424] (II) Initializing extension X-Resource
[    18.424] (II) Initializing extension XVideo
[    18.424] (II) Initializing extension XVideo-MotionCompensation
[    18.424] (II) Initializing extension SELinux
[    18.424] (II) SELinux: Disabled on system
[    18.424] (II) Initializing extension GLX
[    18.427] (II) AIGLX: Loaded and initialized nouveau
[    18.427] (II) GLX: Initialized DRI2 GL provider for screen 0
[    18.427] (II) Initializing extension XFree86-VidModeExtension
[    18.428] (II) Initializing extension XFree86-DGA
[    18.428] (II) Initializing extension XFree86-DRI
[    18.428] (II) Initializing extension DRI2
[    18.429] (II) modeset(0): Damage tracking initialized
[    18.429] (II) modeset(0): Setting screen physical size to 361 x 203
[    18.460] (II) config/udev: Adding input device Power Button (/dev/input/event2)
[    18.460] (**) Power Button: Applying InputClass "libinput keyboard catchall"
[    18.460] (II) LoadModule: "libinput"
[    18.460] (II) Loading /usr/lib/xorg/modules/input/libinput_drv.so
[    18.462] (II) Module libinput: vendor="X.Org Foundation"
[    18.462] 	compiled for 1.20.4, module version = 0.29.0
[    18.462] 	Module class: X.Org XInput Driver
[    18.462] 	ABI class: X.Org XInput driver, version 24.1
[    18.462] (II) Using input driver 'libinput' for 'Power Button'
[    18.462] (II) systemd-logind: got fd for /dev/input/event2 13:66 fd 24 paused 0
[    18.462] (**) Power Button: always reports core events
[    18.462] (**) Option "Device" "/dev/input/event2"
[    18.462] (**) Option "_source" "server/udev"
[    18.463] (II) event2  - Power Button: is tagged by udev as: Keyboard
[    18.463] (II) event2  - Power Button: device is a keyboard
[    18.464] (II) event2  - Power Button: device removed
[    18.464] (**) Option "config_info" "udev:/sys/devices/LNXSYSTM:00/LNXPWRBN:00/input/input2/event2"
[    18.464] (II) XINPUT: Adding extended input device "Power Button" (type: KEYBOARD, id 6)
[    18.464] (**) Option "xkb_model" "pc105"
[    18.464] (**) Option "xkb_layout" "us"
[    18.464] (II) event2  - Power Button: is tagged by udev as: Keyboard
[    18.464] (II) event2  - Power Button: device is a keyboard
[    18.465] (II) config/udev: Adding input device Power Button (/dev/input/event1)
[    18.465] (**) Power Button: Applying InputClass "libinput keyboard catchall"
[    18.465] (II) Using input driver 'libinput' for 'Power Button'
[    18.465] (II) systemd-logind: got fd for /dev/input/event1 13:65 fd 27 paused 0
[    18.465] (**) Power Button: always reports core events
[    18.465] (**) Option "Device" "/dev/input/event1"
[    18.465] (**) Option "_source" "server/udev"
[    18.466] (II) event1  - Power Button: is tagged by udev as: Keyboard
[    18.466] (II) event1  - Power Button: device is a keyboard
[    18.466] (II) event1  - Power Button: device removed
[    18.466] (**) Option "config_info" "udev:/sys/devices/LNXSYSTM:00/LNXSYBUS:00/PNP0C0C:00/input/input1/event1"
[    18.466] (II) XINPUT: Adding extended input device "Power Button" (type: KEYBOARD, id 7)
[    18.466] (**) Option "xkb_model" "pc105"
[    18.466] (**) Option "xkb_layout" "us"
[    18.467] (II) event1  - Power Button: is tagged by udev as: Keyboard
[    18.467] (II) event1  - Power Button: device is a keyboard
[    18.467] (II) config/udev: Adding input device Sleep Button (/dev/input/event0)
[    18.467] (**) Sleep Button: Applying InputClass "libinput keyboard catchall"
[    18.467] (II) Using input driver 'libinput' for 'Sleep Button'
[    18.468] (II) systemd-logind: got fd for /dev/input/event0 13:64 fd 28 paused 0
[    18.468] (**) Sleep Button: always reports core events
[    18.468] (**) Option "Device" "/dev/input/event0"
[    18.468] (**) Option "_source" "server/udev"
[    18.468] (II) event0  - Sleep Button: is tagged by udev as: Keyboard
[    18.468] (II) event0  - Sleep Button: device is a keyboard
[    18.468] (II) event0  - Sleep Button: device removed
[    18.468] (**) Option "config_info" "udev:/sys/devices/LNXSYSTM:00/LNXSYBUS:00/PNP0C0E:00/input/input0/event0"
[    18.468] (II) XINPUT: Adding extended input device "Sleep Button" (type: KEYBOARD, id 8)
[    18.468] (**) Option "xkb_model" "pc105"
[    18.468] (**) Option "xkb_layout" "us"
[    18.469] (II) event0  - Sleep Button: is tagged by udev as: Keyboard
[    18.469] (II) event0  - Sleep Button: device is a keyboard
[    18.470] (II) config/udev: Adding input device HDA NVidia HDMI/DP,pcm=3 (/dev/input/event13)
[    18.470] (II) No input driver specified, ignoring this device.
[    18.470] (II) This device may have been added with another device file.
[    18.470] (II) config/udev: Adding input device HDA NVidia HDMI/DP,pcm=7 (/dev/input/event14)
[    18.470] (II) No input driver specified, ignoring this device.
[    18.470] (II) This device may have been added with another device file.
[    18.470] (II) config/udev: Adding input device HDA NVidia HDMI/DP,pcm=8 (/dev/input/event15)
[    18.470] (II) No input driver specified, ignoring this device.
[    18.470] (II) This device may have been added with another device file.
[    18.471] (II) config/udev: Adding input device HDA NVidia HDMI/DP,pcm=9 (/dev/input/event16)
[    18.471] (II) No input driver specified, ignoring this device.
[    18.471] (II) This device may have been added with another device file.
[    18.471] (II) config/udev: Adding input device HDA NVidia HDMI/DP,pcm=10 (/dev/input/event17)
[    18.471] (II) No input driver specified, ignoring this device.
[    18.471] (II) This device may have been added with another device file.
[    18.471] (II) config/udev: Adding input device HDA NVidia HDMI/DP,pcm=11 (/dev/input/event18)
[    18.471] (II) No input driver specified, ignoring this device.
[    18.471] (II) This device may have been added with another device file.
[    18.472] (II) config/udev: Adding input device HDA NVidia HDMI/DP,pcm=12 (/dev/input/event19)
[    18.472] (II) No input driver specified, ignoring this device.
[    18.472] (II) This device may have been added with another device file.
[    18.472] (II) config/udev: Adding input device Logitech USB Keyboard (/dev/input/event3)
[    18.472] (**) Logitech USB Keyboard: Applying InputClass "libinput keyboard catchall"
[    18.472] (II) Using input driver 'libinput' for 'Logitech USB Keyboard'
[    18.473] (II) systemd-logind: got fd for /dev/input/event3 13:67 fd 29 paused 0
[    18.473] (**) Logitech USB Keyboard: always reports core events
[    18.473] (**) Option "Device" "/dev/input/event3"
[    18.473] (**) Option "_source" "server/udev"
[    18.474] (II) event3  - Logitech USB Keyboard: is tagged by udev as: Keyboard
[    18.474] (II) event3  - Logitech USB Keyboard: device is a keyboard
[    18.474] (II) event3  - Logitech USB Keyboard: device removed
[    18.474] (**) Option "config_info" "udev:/sys/devices/pci0000:00/0000:00:14.0/usb1/1-3/1-3:1.0/0003:046D:C31C.0001/input/input4/event3"
[    18.474] (II) XINPUT: Adding extended input device "Logitech USB Keyboard" (type: KEYBOARD, id 9)
[    18.474] (**) Option "xkb_model" "pc105"
[    18.474] (**) Option "xkb_layout" "us"
[    18.475] (II) event3  - Logitech USB Keyboard: is tagged by udev as: Keyboard
[    18.475] (II) event3  - Logitech USB Keyboard: device is a keyboard
[    18.476] (II) config/udev: Adding input device Logitech USB Keyboard Consumer Control (/dev/input/event4)
[    18.476] (**) Logitech USB Keyboard Consumer Control: Applying InputClass "libinput keyboard catchall"
[    18.476] (II) Using input driver 'libinput' for 'Logitech USB Keyboard Consumer Control'
[    18.476] (II) systemd-logind: got fd for /dev/input/event4 13:68 fd 30 paused 0
[    18.476] (**) Logitech USB Keyboard Consumer Control: always reports core events
[    18.476] (**) Option "Device" "/dev/input/event4"
[    18.476] (**) Option "_source" "server/udev"
[    18.477] (II) event4  - Logitech USB Keyboard Consumer Control: is tagged by udev as: Keyboard
[    18.477] (II) event4  - Logitech USB Keyboard Consumer Control: device is a keyboard
[    18.477] (II) event4  - Logitech USB Keyboard Consumer Control: device removed
[    18.477] (**) Option "config_info" "udev:/sys/devices/pci0000:00/0000:00:14.0/usb1/1-3/1-3:1.1/0003:046D:C31C.0002/input/input5/event4"
[    18.477] (II) XINPUT: Adding extended input device "Logitech USB Keyboard Consumer Control" (type: KEYBOARD, id 10)
[    18.478] (**) Option "xkb_model" "pc105"
[    18.478] (**) Option "xkb_layout" "us"
[    18.479] (II) event4  - Logitech USB Keyboard Consumer Control: is tagged by udev as: Keyboard
[    18.479] (II) event4  - Logitech USB Keyboard Consumer Control: device is a keyboard
[    18.479] (II) config/udev: Adding input device Logitech USB Keyboard System Control (/dev/input/event5)
[    18.479] (**) Logitech USB Keyboard System Control: Applying InputClass "libinput keyboard catchall"
[    18.479] (II) Using input driver 'libinput' for 'Logitech USB Keyboard System Control'
[    18.480] (II) systemd-logind: got fd for /dev/input/event5 13:69 fd 31 paused 0
[    18.480] (**) Logitech USB Keyboard System Control: always reports core events
[    18.480] (**) Option "Device" "/dev/input/event5"
[    18.480] (**) Option "_source" "server/udev"
[    18.481] (II) event5  - Logitech USB Keyboard System Control: is tagged by udev as: Keyboard
[    18.481] (II) event5  - Logitech USB Keyboard System Control: device is a keyboard
[    18.481] (II) event5  - Logitech USB Keyboard System Control: device removed
[    18.481] (**) Option "config_info" "udev:/sys/devices/pci0000:00/0000:00:14.0/usb1/1-3/1-3:1.1/0003:046D:C31C.0002/input/input6/event5"
[    18.481] (II) XINPUT: Adding extended input device "Logitech USB Keyboard System Control" (type: KEYBOARD, id 11)
[    18.481] (**) Option "xkb_model" "pc105"
[    18.481] (**) Option "xkb_layout" "us"
[    18.483] (II) event5  - Logitech USB Keyboard System Control: is tagged by udev as: Keyboard
[    18.483] (II) event5  - Logitech USB Keyboard System Control: device is a keyboard
[    18.484] (II) config/udev: Adding input device PixArt USB Optical Mouse (/dev/input/event6)
[    18.484] (**) PixArt USB Optical Mouse: Applying InputClass "libinput pointer catchall"
[    18.484] (II) Using input driver 'libinput' for 'PixArt USB Optical Mouse'
[    18.544] (II) systemd-logind: got fd for /dev/input/event6 13:70 fd 32 paused 0
[    18.544] (**) PixArt USB Optical Mouse: always reports core events
[    18.544] (**) Option "Device" "/dev/input/event6"
[    18.544] (**) Option "_source" "server/udev"
[    18.545] (II) event6  - PixArt USB Optical Mouse: is tagged by udev as: Mouse
[    18.545] (II) event6  - PixArt USB Optical Mouse: device is a pointer
[    18.545] (II) event6  - PixArt USB Optical Mouse: device removed
[    18.545] (**) Option "config_info" "udev:/sys/devices/pci0000:00/0000:00:14.0/usb1/1-4/1-4:1.0/0003:04CA:0061.0003/input/input7/event6"
[    18.545] (II) XINPUT: Adding extended input device "PixArt USB Optical Mouse" (type: MOUSE, id 12)
[    18.545] (**) Option "AccelerationScheme" "none"
[    18.545] (**) PixArt USB Optical Mouse: (accel) selected scheme none/0
[    18.545] (**) PixArt USB Optical Mouse: (accel) acceleration factor: 2.000
[    18.545] (**) PixArt USB Optical Mouse: (accel) acceleration threshold: 4
[    18.546] (II) event6  - PixArt USB Optical Mouse: is tagged by udev as: Mouse
[    18.546] (II) event6  - PixArt USB Optical Mouse: device is a pointer
[    18.547] (II) config/udev: Adding input device PixArt USB Optical Mouse (/dev/input/mouse0)
[    18.547] (II) No input driver specified, ignoring this device.
[    18.547] (II) This device may have been added with another device file.
[    18.548] (II) config/udev: Adding input device Generic USB Condenser Microphone (/dev/input/event7)
[    18.548] (**) Generic USB Condenser Microphone: Applying InputClass "libinput keyboard catchall"
[    18.548] (II) Using input driver 'libinput' for 'Generic USB Condenser Microphone'
[    18.548] (II) systemd-logind: got fd for /dev/input/event7 13:71 fd 33 paused 0
[    18.548] (**) Generic USB Condenser Microphone: always reports core events
[    18.548] (**) Option "Device" "/dev/input/event7"
[    18.548] (**) Option "_source" "server/udev"
[    18.550] (II) event7  - Generic USB Condenser Microphone: is tagged by udev as: Keyboard
[    18.550] (II) event7  - Generic USB Condenser Microphone: device is a keyboard
[    18.550] (II) event7  - Generic USB Condenser Microphone: device removed
[    18.550] (**) Option "config_info" "udev:/sys/devices/pci0000:00/0000:00:14.0/usb1/1-7/1-7:1.2/0003:0BDA:4C07.0004/input/input8/event7"
[    18.550] (II) XINPUT: Adding extended input device "Generic USB Condenser Microphone" (type: KEYBOARD, id 13)
[    18.550] (**) Option "xkb_model" "pc105"
[    18.550] (**) Option "xkb_layout" "us"
[    18.551] (II) event7  - Generic USB Condenser Microphone: is tagged by udev as: Keyboard
[    18.551] (II) event7  - Generic USB Condenser Microphone: device is a keyboard
[    18.551] (II) config/udev: Adding input device HDA Intel PCH Rear Mic (/dev/input/event9)
[    18.552] (II) No input driver specified, ignoring this device.
[    18.552] (II) This device may have been added with another device file.
[    18.552] (II) config/udev: Adding input device HDA Intel PCH Line (/dev/input/event10)
[    18.552] (II) No input driver specified, ignoring this device.
[    18.552] (II) This device may have been added with another device file.
[    18.552] (II) config/udev: Adding input device HDA Intel PCH Line Out (/dev/input/event11)
[    18.552] (II) No input driver specified, ignoring this device.
[    18.552] (II) This device may have been added with another device file.
[    18.552] (II) config/udev: Adding input device HDA Intel PCH Front Headphone (/dev/input/event12)
[    18.553] (II) No input driver specified, ignoring this device.
[    18.553] (II) This device may have been added with another device file.
[    18.553] (II) config/udev: Adding input device HDA Intel PCH Front Mic (/dev/input/event8)
[    18.553] (II) No input driver specified, ignoring this device.
[    18.553] (II) This device may have been added with another device file.
[    19.167] (II) modeset(0): EDID vendor "DEL", prod id 61548
[    19.167] (II) modeset(0): Using EDID range info for horizontal sync
[    19.167] (II) modeset(0): Using EDID range info for vertical refresh
[    19.167] (II) modeset(0): Printing DDC gathered Modelines:
[    19.167] (II) modeset(0): Modeline "1366x768"x0.0   85.50  1366 1436 1579 1792  768 771 774 798 +hsync +vsync (47.7 kHz eP)
[    19.167] (II) modeset(0): Modeline "800x600"x0.0   40.00  800 840 968 1056  600 601 605 628 +hsync +vsync (37.9 kHz e)
[    19.167] (II) modeset(0): Modeline "640x480"x0.0   31.50  640 656 720 840  480 481 484 500 -hsync -vsync (37.5 kHz e)
[    19.167] (II) modeset(0): Modeline "640x480"x0.0   25.18  640 656 752 800  480 490 492 525 -hsync -vsync (31.5 kHz e)
[    19.167] (II) modeset(0): Modeline "720x400"x0.0   28.32  720 738 846 900  400 412 414 449 -hsync +vsync (31.5 kHz e)
[    19.167] (II) modeset(0): Modeline "1280x1024"x0.0  135.00  1280 1296 1440 1688  1024 1025 1028 1066 +hsync +vsync (80.0 kHz e)
[    19.167] (II) modeset(0): Modeline "1024x768"x0.0   78.75  1024 1040 1136 1312  768 769 772 800 +hsync +vsync (60.0 kHz e)
[    19.167] (II) modeset(0): Modeline "1024x768"x0.0   65.00  1024 1048 1184 1344  768 771 777 806 -hsync -vsync (48.4 kHz e)
[    19.167] (II) modeset(0): Modeline "800x600"x0.0   49.50  800 816 896 1056  600 601 604 625 +hsync +vsync (46.9 kHz e)
[    19.167] (II) modeset(0): Modeline "1280x720"x60.0   74.48  1280 1336 1472 1664  720 721 724 746 -hsync +vsync (44.8 kHz e)
[    20.346] (II) modeset(0): EDID vendor "DEL", prod id 61548
[    20.346] (II) modeset(0): Using hsync ranges from config file
[    20.346] (II) modeset(0): Using vrefresh ranges from config file
[    20.346] (II) modeset(0): Printing DDC gathered Modelines:
[    20.346] (II) modeset(0): Modeline "1366x768"x0.0   85.50  1366 1436 1579 1792  768 771 774 798 +hsync +vsync (47.7 kHz eP)
[    20.346] (II) modeset(0): Modeline "800x600"x0.0   40.00  800 840 968 1056  600 601 605 628 +hsync +vsync (37.9 kHz e)
[    20.346] (II) modeset(0): Modeline "640x480"x0.0   31.50  640 656 720 840  480 481 484 500 -hsync -vsync (37.5 kHz e)
[    20.346] (II) modeset(0): Modeline "640x480"x0.0   25.18  640 656 752 800  480 490 492 525 -hsync -vsync (31.5 kHz e)
[    20.346] (II) modeset(0): Modeline "720x400"x0.0   28.32  720 738 846 900  400 412 414 449 -hsync +vsync (31.5 kHz e)
[    20.346] (II) modeset(0): Modeline "1280x1024"x0.0  135.00  1280 1296 1440 1688  1024 1025 1028 1066 +hsync +vsync (80.0 kHz e)
[    20.346] (II) modeset(0): Modeline "1024x768"x0.0   78.75  1024 1040 1136 1312  768 769 772 800 +hsync +vsync (60.0 kHz e)
[    20.346] (II) modeset(0): Modeline "1024x768"x0.0   65.00  1024 1048 1184 1344  768 771 777 806 -hsync -vsync (48.4 kHz e)
[    20.346] (II) modeset(0): Modeline "800x600"x0.0   49.50  800 816 896 1056  600 601 604 625 +hsync +vsync (46.9 kHz e)
[    20.346] (II) modeset(0): Modeline "1280x720"x60.0   74.48  1280 1336 1472 1664  720 721 724 746 -hsync +vsync (44.8 kHz e)
